<?xml version="1.0" encoding="UTF-8"?>
<!-- Generated by org.testng.reporters.JUnitReportReporter -->
<testsuite hostname="DESKTOP-JGRTLDJ" failures="0" tests="1" name="org.testing.TestScript.TC1" time="25.296" errors="0" timestamp="2023-08-12T20:38:50 IST" skipped="0">
  <testcase classname="org.testing.TestScript.TC1" name="Trending" time="25.296"/>
</testsuite> <!-- org.testing.TestScript.TC1 -->
