<?xml version="1.0" encoding="UTF-8"?>
<!-- Generated by org.testng.reporters.JUnitReportReporter -->
<testsuite hostname="DESKTOP-AU0DBV1" failures="0" tests="1" name="org.testing.TestScript.TC5" time="29.339" errors="0" timestamp="2023-08-06T00:42:34 GMT-07:00" skipped="0">
  <testcase classname="org.testing.TestScript.TC5" name="SubscribeAChannel" time="29.339"/>
</testsuite> <!-- org.testing.TestScript.TC5 -->
