<?xml version="1.0" encoding="UTF-8"?>
<!-- Generated by org.testng.reporters.JUnitReportReporter -->
<testsuite hostname="Jay" failures="0" tests="1" name="YTFrameworkNew.ytframework.TC1" time="8.026" errors="0" timestamp="2023-07-23T18:42:05 IST" skipped="0">
  <testcase classname="YTFrameworkNew.ytframework.TC1" name="Browserlaunch" time="8.026"/>
</testsuite> <!-- YTFrameworkNew.ytframework.TC1 -->
