<?xml version="1.0" encoding="UTF-8"?>
<!-- Generated by org.testng.reporters.JUnitReportReporter -->
<testsuite hostname="DESKTOP-JGRTLDJ" failures="0" tests="1" name="org.testing.TestScript.TC1" time="28.277" errors="0" timestamp="2023-08-12T12:41:28 IST" skipped="0">
  <testcase classname="org.testing.TestScript.TC1" name="Trending" time="28.277"/>
</testsuite> <!-- org.testing.TestScript.TC1 -->
