<?xml version="1.0" encoding="UTF-8"?>
<!-- Generated by org.testng.reporters.JUnitReportReporter -->
<testsuite hostname="DESKTOP-JGRTLDJ" failures="0" tests="1" name="org.testing.TestScript.TC1" time="53.158" errors="0" timestamp="2023-09-02T11:30:22 IST" skipped="0">
  <testcase classname="org.testing.TestScript.TC1" name="Trending" time="53.158"/>
</testsuite> <!-- org.testing.TestScript.TC1 -->
